#
# There is insufficient memory for the Java Runtime Environment to continue.
# Native memory allocation (malloc) failed to allocate 1048576 bytes for AllocateHeap
# Possible reasons:
#   The system is out of physical RAM or swap space
#   In 32 bit mode, the process size limit was hit
# Possible solutions:
#   Reduce memory load on the system
#   Increase physical memory or swap space
#   Check if swap backing store is full
#   Use 64 bit Java on a 64 bit OS
#   Decrease Java heap size (-Xmx/-Xms)
#   Decrease number of Java threads
#   Decrease Java thread stack sizes (-Xss)
#   Set larger code cache with -XX:ReservedCodeCacheSize=
# This output file may be truncated or incomplete.
#
#  Out of Memory Error (memory/allocation.inline.hpp:61), pid=35464, tid=0x0000000000000d8c
#
# JRE version:  (8.0_151-b12) (build )
# Java VM: Java HotSpot(TM) 64-Bit Server VM (25.151-b12 mixed mode windows-amd64 compressed oops)
# Failed to write core dump. Minidumps are not enabled by default on client versions of Windows
#

---------------  T H R E A D  ---------------

Current thread (0x0000000002a36000):  JavaThread "Unknown thread" [_thread_in_vm, id=3468, stack(0x0000000002930000,0x0000000002a30000)]

Stack: [0x0000000002930000,0x0000000002a30000]
[error occurred during error reporting (printing stack bounds), id 0xc0000005]

Native frames: (J=compiled Java code, j=interpreted, Vv=VM code, C=native code)


---------------  P R O C E S S  ---------------

Java Threads: ( => current thread )

Other Threads:

=>0x0000000002a36000 (exited) JavaThread "Unknown thread" [_thread_in_vm, id=3468, stack(0x0000000002930000,0x0000000002a30000)]

VM state:not at safepoint (normal execution)

VM Mutex/Monitor currently owned by a thread: None

Heap:
 PSYoungGen      total 75776K, used 1300K [0x000000076b900000, 0x0000000770d80000, 0x00000007c0000000)
  eden space 65024K, 2% used [0x000000076b900000,0x000000076ba451f8,0x000000076f880000)
  from space 10752K, 0% used [0x0000000770300000,0x0000000770300000,0x0000000770d80000)
  to   space 10752K, 0% used [0x000000076f880000,0x000000076f880000,0x0000000770300000)
 ParOldGen       total 173568K, used 0K [0x00000006c2a00000, 0x00000006cd380000, 0x000000076b900000)
  object space 173568K, 0% used [0x00000006c2a00000,0x00000006c2a00000,0x00000006cd380000)
 Metaspace       used 770K, capacity 4480K, committed 4480K, reserved 1056768K
  class space    used 75K, capacity 384K, committed 384K, reserved 1048576K

Card table byte_map: [0x0000000011ef0000,0x00000000126e0000] byte_map_base: 0x000000000e8db000

Marking Bits: (ParMarkBitMap*) 0x0000000067f5d850
 Begin Bits: [0x0000000013630000, 0x0000000017588000)
 End Bits:   [0x0000000017588000, 0x000000001b4e0000)

Polling page: 0x0000000001070000

CodeCache: size=245760Kb used=328Kb max_used=328Kb free=245431Kb
 bounds [0x0000000002b30000, 0x0000000002da0000, 0x0000000011b30000]
 total_blobs=58 nmethods=0 adapters=38
 compilation: enabled

Compilation events (0 events):
No events

GC Heap History (0 events):
No events

Deoptimization events (0 events):
No events

Internal exceptions (0 events):
No events

Events (10 events):
Event: 0.020 loading class java/lang/Short
Event: 0.020 loading class java/lang/Short done
Event: 0.020 loading class java/lang/Integer
Event: 0.020 loading class java/lang/Integer done
Event: 0.020 loading class java/lang/Long
Event: 0.020 loading class java/lang/Long done
Event: 0.020 loading class java/lang/NullPointerException
Event: 0.020 loading class java/lang/NullPointerException done
Event: 0.020 loading class java/lang/ArithmeticException
Event: 0.020 loading class java/lang/ArithmeticException done


Dynamic libraries:
0x00007ff6ce910000 - 0x00007ff6ce947000 	C:\Program Files\Java\jdk1.8.0_151\bin\javaw.exe
0x00007ff8988f0000 - 0x00007ff898ae5000 	C:\Windows\SYSTEM32\ntdll.dll
0x00007ff8970f0000 - 0x00007ff8971ad000 	C:\Windows\System32\KERNEL32.DLL
0x00007ff896120000 - 0x00007ff8963e8000 	C:\Windows\System32\KERNELBASE.dll
0x00007ff896920000 - 0x00007ff8969cc000 	C:\Windows\System32\ADVAPI32.dll
0x00007ff8971b0000 - 0x00007ff89724e000 	C:\Windows\System32\msvcrt.dll
0x00007ff896e20000 - 0x00007ff896ebb000 	C:\Windows\System32\sechost.dll
0x00007ff896cf0000 - 0x00007ff896e1b000 	C:\Windows\System32\RPCRT4.dll
0x00007ff8969e0000 - 0x00007ff896b80000 	C:\Windows\System32\USER32.dll
0x00007ff8960a0000 - 0x00007ff8960c2000 	C:\Windows\System32\win32u.dll
0x00007ff897d80000 - 0x00007ff897daa000 	C:\Windows\System32\GDI32.dll
0x00007ff8966b0000 - 0x00007ff8967bb000 	C:\Windows\System32\gdi32full.dll
0x00007ff896000000 - 0x00007ff89609d000 	C:\Windows\System32\msvcp_win.dll
0x00007ff896580000 - 0x00007ff896680000 	C:\Windows\System32\ucrtbase.dll
0x00007ff895500000 - 0x00007ff89579a000 	C:\Windows\WinSxS\amd64_microsoft.windows.common-controls_6595b64144ccf1df_6.0.19041.844_none_ca00b6081b84eb1d\COMCTL32.dll
0x00007ff897ce0000 - 0x00007ff897d10000 	C:\Windows\System32\IMM32.DLL
0x0000000067fe0000 - 0x00000000680b2000 	C:\Program Files\Java\jdk1.8.0_151\jre\bin\msvcr100.dll
0x0000000067740000 - 0x0000000067fdd000 	C:\Program Files\Java\jdk1.8.0_151\jre\bin\server\jvm.dll
0x00007ff897c00000 - 0x00007ff897c08000 	C:\Windows\System32\PSAPI.DLL
0x00007ff8733d0000 - 0x00007ff8733d9000 	C:\Windows\SYSTEM32\WSOCK32.dll
0x00007ff87d440000 - 0x00007ff87d467000 	C:\Windows\SYSTEM32\WINMM.dll
0x00007ff8932f0000 - 0x00007ff8932fa000 	C:\Windows\SYSTEM32\VERSION.dll
0x00007ff897d10000 - 0x00007ff897d7b000 	C:\Windows\System32\WS2_32.dll
0x0000000067730000 - 0x000000006773f000 	C:\Program Files\Java\jdk1.8.0_151\jre\bin\verify.dll
0x0000000067700000 - 0x0000000067729000 	C:\Program Files\Java\jdk1.8.0_151\jre\bin\java.dll
0x0000000067660000 - 0x0000000067676000 	C:\Program Files\Java\jdk1.8.0_151\jre\bin\zip.dll

VM Arguments:
jvm_args: -Dfile.encoding=UTF-8 
java_command: com.netty.receiver.tcpClient.Write
java_class_path (initial): F:\Projects\receiver\target\classes;F:\Programs\spring-tool-suite-4-4.9.0.RELEASE-e4.18.0-win32.win32.x86_64.self-extracting\sts-4.9.0.RELEASE\plugins\org.junit.jupiter.api_5.7.0.v20201026-1537.jar;F:\Programs\spring-tool-suite-4-4.9.0.RELEASE-e4.18.0-win32.win32.x86_64.self-extracting\sts-4.9.0.RELEASE\plugins\org.junit.jupiter.engine_5.7.0.v20201026-1537.jar;F:\Programs\spring-tool-suite-4-4.9.0.RELEASE-e4.18.0-win32.win32.x86_64.self-extracting\sts-4.9.0.RELEASE\plugins\org.junit.jupiter.migrationsupport_5.7.0.v20201026-1537.jar;F:\Programs\spring-tool-suite-4-4.9.0.RELEASE-e4.18.0-win32.win32.x86_64.self-extracting\sts-4.9.0.RELEASE\plugins\org.junit.jupiter.params_5.7.0.v20201026-1537.jar;F:\Programs\spring-tool-suite-4-4.9.0.RELEASE-e4.18.0-win32.win32.x86_64.self-extracting\sts-4.9.0.RELEASE\plugins\org.junit.platform.commons_1.7.0.v20201026-1537.jar;F:\Programs\spring-tool-suite-4-4.9.0.RELEASE-e4.18.0-win32.win32.x86_64.self-extracting\sts-4.9.0.RELEASE\plugins\org.junit.platform.engine_1.7.0.v20201026-1537.jar;F:\Programs\spring-tool-suite-4-4.9.0.RELEASE-e4.18.0-win32.win32.x86_64.self-extracting\sts-4.9.0.RELEASE\plugins\org.junit.platform.launcher_1.7.0.v20201026-1537.jar;F:\Programs\spring-tool-suite-4-4.9.0.RELEASE-e4.18.0-win32.win32.x86_64.self-extracting\sts-4.9.0.RELEASE\plugins\org.junit.platform.runner_1.7.0.v20201026-1537.jar;F:\Programs\spring-tool-suite-4-4.9.0.RELEASE-e4.18.0-win32.win32.x86_64.self-extracting\sts-4.9.0.RELEASE\plugins\org.junit.platform.suite.api_1.7.0.v20201026-1537.jar;F:\Programs\spring-tool-suite-4-4.9.0.RELEASE-e4.18.0-win32.win32.x86_64.self-extracting\sts-4.9.0.RELEASE\plugins\org.junit.vintage.engine_5.7.0.v20201026-1537.jar;F:\Programs\spring-tool-suite-4-4.9.0.RELEASE-e4.18.0-win32.win32.x86_64.self-extracting\sts-4.9.0.RELEASE\plugins\org.opentest4j_1.2.0.v20190826-0900.jar;F:\Programs\spring-tool-suite-4-4.9.0.RELEASE-e4.18.0-win32.win32.x86_64.self-extracting\sts-4.9.0.RELEASE\plugi
Launcher Type: SUN_STANDARD

Environment Variables:
PATH=F:/Programs/spring-tool-suite-4-4.9.0.RELEASE-e4.18.0-win32.win32.x86_64.self-extracting/sts-4.9.0.RELEASE//plugins/org.eclipse.justj.openjdk.hotspot.jre.full.win32.x86_64_15.0.1.v20201027-0507/jre/bin/server;F:/Programs/spring-tool-suite-4-4.9.0.RELEASE-e4.18.0-win32.win32.x86_64.self-extracting/sts-4.9.0.RELEASE//plugins/org.eclipse.justj.openjdk.hotspot.jre.full.win32.x86_64_15.0.1.v20201027-0507/jre/bin;C:\Program Files\Common Files\Oracle\Java\javapath;C:\Python39\Scripts\;C:\Python39\;C:\ProgramData\Oracle\Java\javapath;C:\Windows\system32;C:\Windows;C:\Windows\System32\Wbem;C:\Windows\System32\WindowsPowerShell\v1.0\;C:\Windows\System32\OpenSSH\;C:\Program Files (x86)\NVIDIA Corporation\PhysX\Common;C:\Program Files (x86)\Intel\Intel(R) Management Engine Components\DAL;C:\Program Files\Intel\Intel(R) Management Engine Components\DAL;C:\Program Files\TortoiseGit\bin;C:\Program Files\Git\cmd;C:\ProgramData\chocolatey\bin;C:\Program Files\nodejs\;C:\Program Files\Memurai\;F:\Programs\logstash-7.13.2\bin;F:\Programs\kibana-7.13.1-windows-x86_64\bin;F:\Programs\elasticsearch-7.13.1\bin;C:\Program Files\OpenSSL-Win64\bin;C:\Program Files\Kubernetes\Minikube;C:\minikube;C:\Program Files\apache-maven-3.8.3\bin;C:\windows-amd64;;C:\Program Files\Docker\Docker\resources\bin;C:\ProgramData\DockerDesktop\version-bin;C:\Ruby30-x64\bin;C:\Users\m.eldeeb\AppData\Local\Microsoft\WindowsApps;C:\Program Files\Java\jdk1.8.0_151\bin;C:\Program Files (x86)\Nmap;C:\Users\m.eldeeb\AppData\Roaming\npm;F:\Programs\Redis-x64-3.0.504;F:\Programs\spring-tool-suite-4-4.9.0.RELEASE-e4.18.0-win32.win32.x86_64.self-extracting\sts-4.9.0.RELEASE;
USERNAME=m.eldeeb
OS=Windows_NT
PROCESSOR_IDENTIFIER=Intel64 Family 6 Model 158 Stepping 10, GenuineIntel



---------------  S Y S T E M  ---------------

OS: Windows 10.0 , 64 bit Build 19041 (10.0.19041.928)

CPU:total 12 (initial active 12) (6 cores per cpu, 2 threads per core) family 6 model 158 stepping 10, cmov, cx8, fxsr, mmx, sse, sse2, sse3, ssse3, sse4.1, sse4.2, popcnt, avx, avx2, aes, clmul, erms, 3dnowpref, lzcnt, ht, tsc, tscinvbit, bmi1, bmi2, adx

Memory: 4k page, physical 16600600k(642044k free), swap 47756436k(5548k free)

vm_info: Java HotSpot(TM) 64-Bit Server VM (25.151-b12) for windows-amd64 JRE (1.8.0_151-b12), built on Sep  5 2017 19:33:46 by "java_re" with MS VC++ 10.0 (VS2010)

time: Sun Dec 26 16:58:37 2021
elapsed time: 0 seconds (0d 0h 0m 0s)

